<?xml version="1.0" encoding="utf-8"?><testsuites name="pytest tests"><testsuite name="pytest" errors="0" failures="0" skipped="0" tests="17" time="6.976" timestamp="2026-09-23T15:02:39.971910+00:00" hostname="agent-env-a06bea47-dc93-4642-900e-25d21123cf73"><testcase classname="tests.test_ordering" name="test_products_includes_unavailable_with_flag" time="0.319" /><testcase classname="tests.test_ordering" name="test_place_order_creates_and_recomputes_totals" time="0.156" /><testcase classname="tests.test_ordering" name="test_place_order_ignores_client_supplied_prices" time="0.190" /><testcase classname="tests.test_ordering" name="test_dine_in_requires_table_number" time="0.151" /><testcase classname="tests.test_ordering" name="test_unavailable_product_rejected" time="0.158" /><testcase classname="tests.test_ordering" name="test_unknown_product_rejected" time="0.129" /><testcase classname="tests.test_ordering" name="test_invalid_phone_422" time="0.260" /><testcase classname="tests.test_ordering" name="test_empty_items_422" time="0.122" /><testcase classname="tests.test_ordering" name="test_quantity_over_20_422" time="0.138" /><testcase classname="tests.test_ordering" name="test_track_order_masks_phone_case_insensitive" time="1.119" /><testcase classname="tests.test_ordering" name="test_track_unknown_404" time="0.173" /><testcase classname="tests.test_ordering" name="test_admin_orders_requires_auth" time="0.169" /><testcase classname="tests.test_ordering" name="test_admin_orders_list_filter_and_full_phone" time="0.689" /><testcase classname="tests.test_ordering" name="test_admin_update_status_and_validation" time="0.930" /><testcase classname="tests.test_ordering" name="test_snapshot_survives_product_edit_and_delete" time="1.114" /><testcase classname="tests.test_ordering" name="test_uploads_served_via_api_prefix" time="0.272" /><testcase classname="tests.test_ordering" name="test_order_numbers_are_sequential" time="0.333" /></testsuite></testsuites>