<?xml version="1.0" encoding="utf-8"?><testsuites name="pytest tests"><testsuite name="pytest" errors="0" failures="0" skipped="0" tests="8" time="3.302" timestamp="2026-09-23T13:41:31.514805+00:00" hostname="agent-env-a06bea47-dc93-4642-900e-25d21123cf73"><testcase classname="tests.test_categories_reorder" name="test_health" time="0.303" /><testcase classname="tests.test_categories_reorder" name="test_auth_me" time="0.458" /><testcase classname="tests.test_categories_reorder" name="test_list_admin_categories" time="0.084" /><testcase classname="tests.test_categories_reorder" name="test_rename_category_duplicate_rejected" time="0.153" /><testcase classname="tests.test_categories_reorder" name="test_rename_category_success_and_revert" time="0.319" /><testcase classname="tests.test_categories_reorder" name="test_reorder_categories_persists" time="0.335" /><testcase classname="tests.test_categories_reorder" name="test_delete_category_with_products_returns_409" time="0.455" /><testcase classname="tests.test_categories_reorder" name="test_featured_product_and_public_listing" time="0.647" /></testsuite></testsuites>