<?xml version="1.0" encoding="utf-8"?><testsuites name="pytest tests"><testsuite name="pytest" errors="0" failures="0" skipped="0" tests="13" time="12.136" timestamp="2026-09-23T15:20:39.578307+00:00" hostname="agent-env-a06bea47-dc93-4642-900e-25d21123cf73"><testcase classname="tests.test_upload_and_sms" name="test_upload_valid_image_and_serve[PNG-png-image/png]" time="1.144" /><testcase classname="tests.test_upload_and_sms" name="test_upload_valid_image_and_serve[JPEG-jpg-image/jpeg]" time="0.624" /><testcase classname="tests.test_upload_and_sms" name="test_upload_valid_image_and_serve[WEBP-webp-image/webp]" time="4.039" /><testcase classname="tests.test_upload_and_sms" name="test_upload_non_image_rejected" time="0.071" /><testcase classname="tests.test_upload_and_sms" name="test_upload_too_large_rejected" time="0.534" /><testcase classname="tests.test_upload_and_sms" name="test_upload_unauthenticated_rejected" time="0.154" /><testcase classname="tests.test_upload_and_sms" name="test_unknown_file_404" time="0.171" /><testcase classname="tests.test_upload_and_sms" name="test_product_public_lists_with_image" time="0.799" /><testcase classname="tests.test_upload_and_sms" name="test_product_update_replaces_image" time="0.857" /><testcase classname="tests.test_upload_and_sms" name="test_migrated_brownie_serves" time="0.596" /><testcase classname="tests.test_upload_and_sms" name="test_admin_settings_sms_off" time="0.078" /><testcase classname="tests.test_upload_and_sms" name="test_ready_sms_background_task" time="1.899" /><testcase classname="tests.test_upload_and_sms" name="test_orders_basic_regression" time="0.622" /></testsuite></testsuites>